app/manifest-merger-debug-report.txt
-- Merging decision tree log ---
manifest
ADDED from AndroidManifest.xml:2:1
	xmlns:android
		ADDED from AndroidManifest.xml:2:11
	package
		ADDED from AndroidManifest.xml:3:5
		INJECTED from AndroidManifest.xml:0:0
		INJECTED from AndroidManifest.xml:0:0
application
ADDED from AndroidManifest.xml:7:5
MERGED from com.android.support:appcompat-v7:21.0.3:16:5
MERGED from com.android.support:support-v4:21.0.3:16:5
MERGED from com.android.support:support-v4:21.0.3:16:5
	android:label
		ADDED from AndroidManifest.xml:10:9
	android:allowBackup
		ADDED from AndroidManifest.xml:8:9
	android:icon
		ADDED from AndroidManifest.xml:9:9
	android:theme
		ADDED from AndroidManifest.xml:11:9
activity#com.softtime.miko.GuideActivity
ADDED from AndroidManifest.xml:13:9
	android:label
		ADDED from AndroidManifest.xml:15:13
	android:icon
		ADDED from AndroidManifest.xml:17:13
	android:theme
		ADDED from AndroidManifest.xml:16:13
	android:name
		ADDED from AndroidManifest.xml:14:13
intent-filter#android.intent.action.MAIN+android.intent.category.LAUNCHER
ADDED from AndroidManifest.xml:18:13
action#android.intent.action.MAIN
ADDED from AndroidManifest.xml:19:17
	android:name
		ADDED from AndroidManifest.xml:19:25
category#android.intent.category.LAUNCHER
ADDED from AndroidManifest.xml:21:17
	android:name
		ADDED from AndroidManifest.xml:21:27
activity#com.softtime.miko.LoginActivity
ADDED from AndroidManifest.xml:24:9
	android:label
		ADDED from AndroidManifest.xml:26:13
	android:theme
		ADDED from AndroidManifest.xml:27:13
	android:name
		ADDED from AndroidManifest.xml:25:13
activity#com.softtime.miko.RegActivity
ADDED from AndroidManifest.xml:29:9
	android:label
		ADDED from AndroidManifest.xml:31:13
	android:theme
		ADDED from AndroidManifest.xml:32:13
	android:name
		ADDED from AndroidManifest.xml:30:13
activity#com.softtime.miko.MainActivity
ADDED from AndroidManifest.xml:34:9
	android:label
		ADDED from AndroidManifest.xml:36:13
	android:icon
		ADDED from AndroidManifest.xml:37:13
	android:name
		ADDED from AndroidManifest.xml:35:13
activity#com.softtime.miko.TaskDetail
ADDED from AndroidManifest.xml:40:9
	android:label
		ADDED from AndroidManifest.xml:42:13
	android:name
		ADDED from AndroidManifest.xml:41:13
activity#com.softtime.miko.EditPhotoInfo
ADDED from AndroidManifest.xml:44:9
	android:label
		ADDED from AndroidManifest.xml:46:13
	android:name
		ADDED from AndroidManifest.xml:45:13
activity#com.softtime.miko.InviteFriend
ADDED from AndroidManifest.xml:48:9
	android:label
		ADDED from AndroidManifest.xml:50:13
	android:name
		ADDED from AndroidManifest.xml:49:13
service#cn.bmob.push.lib.service.PushService
ADDED from AndroidManifest.xml:53:9
	android:label
		ADDED from AndroidManifest.xml:56:13
	android:process
		ADDED from AndroidManifest.xml:58:13
	android:exported
		ADDED from AndroidManifest.xml:55:13
	android:permission
		ADDED from AndroidManifest.xml:57:13
	android:name
		ADDED from AndroidManifest.xml:54:13
intent-filter#cn.bmob.push.lib.service.PushService
ADDED from AndroidManifest.xml:59:13
action#cn.bmob.push.lib.service.PushService
ADDED from AndroidManifest.xml:60:17
	android:name
		ADDED from AndroidManifest.xml:60:25
receiver#cn.bmob.push.PushReceiver
ADDED from AndroidManifest.xml:64:9
	android:name
		ADDED from AndroidManifest.xml:64:19
intent-filter#android.intent.action.BOOT_COMPLETED+android.intent.action.USER_PRESENT+android.net.conn.CONNECTIVITY_CHANGE
ADDED from AndroidManifest.xml:65:13
	android:priority
		ADDED from AndroidManifest.xml:65:28
action#android.intent.action.BOOT_COMPLETED
ADDED from AndroidManifest.xml:67:17
	android:name
		ADDED from AndroidManifest.xml:67:25
action#android.intent.action.USER_PRESENT
ADDED from AndroidManifest.xml:69:17
	android:name
		ADDED from AndroidManifest.xml:69:25
action#android.net.conn.CONNECTIVITY_CHANGE
ADDED from AndroidManifest.xml:71:17
	android:name
		ADDED from AndroidManifest.xml:71:25
receiver#com.softtime.miko.Reciever.MyPushMessageReceiver
ADDED from AndroidManifest.xml:74:9
	android:name
		ADDED from AndroidManifest.xml:74:19
intent-filter#cn.bmob.push.action.MESSAGE
ADDED from AndroidManifest.xml:75:13
action#cn.bmob.push.action.MESSAGE
ADDED from AndroidManifest.xml:76:17
	android:name
		ADDED from AndroidManifest.xml:76:25
activity#com.softtime.miko.EditProfile
ADDED from AndroidManifest.xml:81:9
	android:label
		ADDED from AndroidManifest.xml:83:13
	android:name
		ADDED from AndroidManifest.xml:82:13
activity#com.softtime.miko.NoticeList
ADDED from AndroidManifest.xml:85:9
	android:label
		ADDED from AndroidManifest.xml:87:13
	android:name
		ADDED from AndroidManifest.xml:86:13
activity#com.softtime.miko.AddNewTopic
ADDED from AndroidManifest.xml:89:9
	android:label
		ADDED from AndroidManifest.xml:91:13
	android:name
		ADDED from AndroidManifest.xml:90:13
uses-permission#android.permission.INTERNET
ADDED from AndroidManifest.xml:94:5
	android:name
		ADDED from AndroidManifest.xml:94:22
uses-permission#android.permission.ACCESS_WIFI_STATE
ADDED from AndroidManifest.xml:95:5
	android:name
		ADDED from AndroidManifest.xml:95:22
uses-permission#android.permission.ACCESS_NETWORK_STATE
ADDED from AndroidManifest.xml:96:5
	android:name
		ADDED from AndroidManifest.xml:96:22
uses-permission#android.permission.READ_PHONE_STATE
ADDED from AndroidManifest.xml:97:5
	android:name
		ADDED from AndroidManifest.xml:97:22
uses-permission#android.permission.READ_LOGS
ADDED from AndroidManifest.xml:98:5
	android:name
		ADDED from AndroidManifest.xml:98:22
uses-permission#android.permission.MOUNT_UNMOUNT_FILESYSTEMS
ADDED from AndroidManifest.xml:99:5
	android:name
		ADDED from AndroidManifest.xml:99:22
uses-permission#android.permission.WRITE_EXTERNAL_STORAGE
ADDED from AndroidManifest.xml:100:5
	android:name
		ADDED from AndroidManifest.xml:100:22
permission#cn.bmob.permission.push
ADDED from AndroidManifest.xml:102:5
	android:protectionLevel
		ADDED from AndroidManifest.xml:104:9
	android:name
		ADDED from AndroidManifest.xml:103:9
uses-permission#cn.bmob.permission.push
ADDED from AndroidManifest.xml:106:5
	android:name
		ADDED from AndroidManifest.xml:106:22
uses-permission#android.permission.WAKE_LOCK
ADDED from AndroidManifest.xml:110:5
	android:name
		ADDED from AndroidManifest.xml:110:22
uses-permission#android.permission.RECEIVE_BOOT_COMPLETED
ADDED from AndroidManifest.xml:111:5
	android:name
		ADDED from AndroidManifest.xml:111:22
uses-permission#android.permission.VIBRATE
ADDED from AndroidManifest.xml:113:5
	android:name
		ADDED from AndroidManifest.xml:113:22
uses-permission#android.permission.RECEIVE_USER_PRESENT
ADDED from AndroidManifest.xml:116:5
	android:name
		ADDED from AndroidManifest.xml:116:22
uses-sdk
INJECTED from AndroidManifest.xml:0:0 reason: use-sdk injection requested
MERGED from com.android.support:appcompat-v7:21.0.3:15:5
MERGED from com.android.support:support-v4:21.0.3:15:5
MERGED from com.android.support:support-v4:21.0.3:15:5
	android:targetSdkVersion
		INJECTED from AndroidManifest.xml:0:0
		INJECTED from AndroidManifest.xml:0:0
	android:minSdkVersion
		INJECTED from AndroidManifest.xml:0:0
		INJECTED from AndroidManifest.xml:0:0